ver 1.0
Mahjong Contest Round 20 Game 1
main.exe
main.exe
main.exe
main.exe
2
8T S 4T 1S 8M 1M 7S 1T 2M E 6S 3T 8S
2T N 9T 3M 2T 1S 4T 8M 7M 8T 4T 6M 5T
7M 1M 1S F 1T S 2S F E 2M 6T 2T 5S
B 5T Z 6M 4S 5M 8T 4S 3M W 8M B 3T

pick 2 9T
out 2 E
pick 3 2T
out 3 W
pick 0 9S
out 0 E
pick 1 5M
out 1 N
pick 2 7T
out 2 S
pick 3 6S
out 3 Z
pick 0 1M
out 0 S
pick 1 B
out 1 B
peng 3 1 B
out 3 6S
chi 0 3 6S
out 0 1M
pick 1 8M
out 1 3M
chi 2 1 1M
out 2 6T
pick 3 5S
out 3 5S
pick 0 8S
out 0 1M
pick 1 6M
out 1 6M
pick 2 1S
out 2 7M
chi 3 2 6M
out 3 3M
pick 0 5T
out 0 1T
pick 1 3S
out 1 5T
pick 2 2S
out 2 5S
pick 3 E
out 3 E
pick 0 7M
out 0 8T
pick 1 F
out 1 F
peng 2 1 F
out 2 1S
pick 3 9M
out 3 5M
pick 0 1M
out 0 2M
pick 1 9S
out 1 9S
pick 2 4M
out 2 1S
pick 3 7T
out 3 2T
peng 1 3 2T
out 1 5M
pick 2 7S
out 2 7S
pick 3 6T
out 3 9M
chi 0 3 7M
out 0 1M
pick 1 2S
out 1 8M
pick 2 9S
out 2 9S
pick 3 3M
out 3 3M
pick 0 4S
out 0 1S
chi 1 0 1S
out 1 6M
pick 2 9T
out 2 7T
pick 3 2M
out 3 2M
pick 0 7S
out 0 4S
peng 3 0 4S
out 3 3T
pick 0 7T
out 0 7T
chi 1 0 7T
out 1 7M
pick 2 8S
out 2 8S
pick 3 4M
out 3 5T
chi 0 3 3T
out 0 6S
pick 1 7M
out 1 8M
pick 2 W
out 2 W
pick 3 9S
out 3 4M
pick 0 4M
out 0 5T
pick 1 3T
out 1 3T
chi 2 1 1T
out 2 4M
hu 0

win 0 ron 2
fans 3
喜相逢:1
单调将:1
平和:2
score 4
