ver 1.0
Mahjong Contest Round 11 Game 1
main.exe
main.exe
main.exe
main.exe
3
6S 6S E 1M 2S 3T 6M 3T W 5T 7M S B
N 9S 9T 4S 4S 2T 5M 7M 7S 8S 9T Z F
6T 9M F 3S Z 2M 9T 5T 4S 3T 4M 8M 2M
7M 9S 9T 9M 5T 5S W B 3S 4T W 1T 2S

pick 3 3M
out 3 B
pick 0 E
out 0 B
pick 1 1S
out 1 N
pick 2 7T
out 2 Z
pick 3 9S
out 3 2S
pick 0 6T
out 0 S
pick 1 8M
out 1 Z
pick 2 6M
out 2 F
pick 3 3M
out 3 1T
pick 0 6S
out 0 W
peng 3 0 W
out 3 9T
peng 1 3 9T
out 1 F
pick 2 Z
out 2 Z
pick 3 E
out 3 E
peng 0 3 E
out 0 2S
pick 1 1T
out 1 1S
pick 2 5M
out 2 9T
pick 3 7S
out 3 3S
pick 0 N
out 0 N
pick 1 N
out 1 N
pick 2 8T
out 2 3S
pick 3 5M
out 3 9M
pick 0 8S
out 0 8S
chi 1 0 7S
out 1 8S
pick 2 5S
out 2 4S
peng 1 2 4S
out 1 8M
pick 2 7S
out 2 5S
pick 3 4T
out 3 5T
pick 0 1M
out 0 1M
pick 1 7T
out 1 7T
pick 2 S
out 2 S
pick 3 8T
out 3 8T
pick 0 8S
out 0 8S
pick 1 6M
out 1 1T
pick 2 2S
out 2 7S
pick 3 F
out 3 F
pick 0 B
out 0 B
pick 1 3T
out 1 2T
pick 2 9S
out 2 2S
pick 3 1S
out 3 1S
pick 0 1M
out 0 1M
pick 1 1T
out 1 3T
peng 0 1 3T
out 0 1M
pick 1 1M
out 1 1M
pick 2 6S
out 2 9S
peng 3 2 9S
out 3 3M
pick 0 6T
out 0 5T
pick 1 8M
out 1 5M
hu 0

win 0 ron 1
fans 0
score 0
