ver 1.0
Mahjong Contest Round 19 Game 2
main.exe
main.exe
main.exe
main.exe
1
9T N 7T S 2S 1S 1T 7S 2T 4M 8M 4T 6S
1T E Z 4T 9S 5M 3T 8S 4M 1S 4S N 9M
6T 2T 2T 1S 1M B 4T 5T 5S 8M 8M Z 7M
W 3S 5M 2S 3M E 3S 4S F 7M 5S 5T 5T

pick 1 2S
out 1 E
pick 2 5M
out 2 Z
pick 3 S
out 3 S
pick 0 2M
out 0 S
pick 1 9S
out 1 Z
pick 2 5S
out 2 B
pick 3 9S
out 3 E
pick 0 3S
out 0 N
pick 1 B
out 1 B
pick 2 1M
out 2 1S
chi 3 2 1S
out 3 W
pick 0 8T
out 0 1T
pick 1 W
out 1 W
pick 2 8T
out 2 8T
pick 3 2T
out 3 F
pick 0 7M
out 0 2M
pick 1 7S
out 1 N
pick 2 3S
out 2 3S
pick 3 3T
out 3 9S
peng 1 3 9S
out 1 9M
chi 2 1 7M
out 2 1M
pick 3 7M
out 3 2T
peng 2 3 2T
out 2 1M
pick 3 3M
out 3 5M
pick 0 7S
out 0 6S
chi 1 0 6S
out 1 4M
pick 2 B
out 2 B
pick 3 4M
out 3 4M
pick 0 7T
out 0 7T
pick 1 2M
out 1 5M
pick 2 7T
out 2 4T
chi 3 2 3T
out 3 3M
pick 0 5T
out 0 2T
chi 1 0 2T
out 1 2M
pick 2 9M
out 2 5M
pick 3 9S
out 3 9S
pick 0 8T
out 0 8T
pick 1 6S
out 1 1S
pick 2 5S
out 2 8M
pick 3 2M
out 3 3M
pick 0 7S
out 0 4M
pick 1 8S
out 1 2S
pick 2 Z
out 2 Z
pick 3 4S
out 3 4S
pick 0 1S
out 0 1S
pick 1 6T
out 1 8S
pick 2 6T
out 2 6T
pick 3 2S
out 3 5S
peng 2 3 5S
out 2 9M
pick 3 B
out 3 B
pick 0 N
out 0 N
pick 1 5M
out 1 4S
pick 2 S
out 2 S
pick 3 6T
out 3 2M
pick 0 8S
out 0 8S
pick 1 6M
out 1 5M
pick 2 W
out 2 W
pick 3 4M
out 3 4M
pick 0 9T
out 0 9T
pick 1 F
out 1 F
pick 2 9T
out 2 9T
pick 3 4S
out 3 4S
pick 0 3M
out 0 7M
peng 3 0 7M
out 3 2S
pick 0 E
out 0 E
pick 1 8S
out 1 6M
pick 2 9M
out 2 5S
pick 3 3T
out 3 3S
pick 0 6M
out 0 3M
pick 1 6S
out 1 8S
pick 2 S
out 2 S
pick 3 E
out 3 E
pick 0 6M
out 0 8M
pick 1 3T
out 1 1T
pick 2 9M
hu 2

win 2 tsumo
fans 2
单调将:1
自摸:1
score 2
