ver 1.0
Mahjong Contest Round 6 Game 3
main.exe
main.exe
main.exe
main.exe
3
8T N B 1M 7S 6T E S 3M 1S 7S 5S 3M
2M F F 8S 6M 1M 5T 4M 7T 8T 4M 6S 1T
5S 9S 3S 9S 2M 5M B 4M B 2S E 2T 6S
2S 5M 5M 8M Z 1M 3S 9M 3T 8S 5T 5T 8M

pick 3 7M
out 3 Z
pick 0 9T
out 0 E
pick 1 4T
out 1 6M
chi 2 1 4M
out 2 E
pick 3 Z
out 3 Z
pick 0 4M
out 0 S
pick 1 6T
out 1 1T
pick 2 4S
out 2 2M
pick 3 7S
out 3 1M
pick 0 W
out 0 W
pick 1 F
out 1 1M
pick 2 1T
out 2 2T
pick 3 8M
out 3 3T
pick 0 9T
out 0 N
pick 1 S
out 1 S
pick 2 4T
out 2 1T
pick 3 4S
out 3 5T
pick 0 E
out 0 E
pick 1 4S
out 1 2M
pick 2 3M
out 2 4T
pick 3 2M
out 3 2M
chi 0 3 2M
out 0 B
peng 2 0 B
out 2 3M
pick 3 7M
out 3 9M
pick 0 8M
out 0 1M
pick 1 6S
out 1 4M
pick 2 6M
out 2 6M
chi 3 2 5M
out 3 5M
pick 0 1S
out 0 5S
chi 1 0 4S
out 1 4M
pick 2 2S
out 2 3S
pick 3 8S
out 3 7M
pick 0 4T
out 0 4T
pick 1 6M
out 1 6M
pick 2 3M
out 2 3M
pick 3 4T
out 3 7S
peng 0 3 7S
out 0 3M
pick 1 2T
out 1 5T
pick 2 7M
out 2 7M
pick 3 W
out 3 W
pick 0 9M
out 0 8M
peng 3 0 8M
out 3 8M
pick 0 5S
out 0 5S
pick 1 8T
out 1 8T
pick 2 6T
out 2 6T
hu 3

win 3 ron 2
fans 1
断幺:2
score 2
