ver 1.0
Mahjong Contest Round 21 Game 3
main.exe
main.exe
main.exe
main.exe
2
6T 2M 4T F 5T 4M 6T 7S 2S 6M 3T E 7T
1S 3S 8T 8T 4T 4S 2T 3M 4S 8M 1S 2S B
S Z 7T E 8M 7M 5T 1T 1S 9M 8S 5S B
5S 8M 2M 2T 8M 3M F 2S F 2M 9T 4T 9M

pick 2 3S
out 2 E
pick 3 S
out 3 S
pick 0 9S
out 0 E
pick 1 6S
out 1 B
pick 2 6M
out 2 S
pick 3 1S
out 3 3M
chi 0 3 2M
out 0 F
peng 3 0 F
out 3 9M
pick 0 1T
out 0 2S
chi 1 0 2S
out 1 2S
chi 2 1 1S
out 2 B
pick 3 3M
out 3 3M
pick 0 N
out 0 N
pick 1 6S
out 1 4S
pick 2 7M
out 2 Z
pick 3 5M
out 3 5M
pick 0 5M
out 0 6M
pick 1 6T
out 1 2T
pick 2 W
out 2 W
pick 3 S
out 3 S
pick 0 8S
out 0 5M
pick 1 2S
out 1 2S
pick 2 Z
out 2 Z
pick 3 2T
out 3 1S
peng 1 3 1S
out 1 3M
pick 2 1T
out 2 5S
pick 3 8S
out 3 2S
pick 0 B
out 0 B
pick 1 Z
out 1 Z
pick 2 5M
out 2 8S
pick 3 1M
out 3 1M
pick 0 W
out 0 W
pick 1 6T
out 1 4T
pick 2 1T
out 2 5T
pick 3 2T
out 3 9T
pick 0 7S
out 0 7S
pick 1 8T
out 1 8M
peng 3 1 8M
out 3 4T
chi 0 3 4T
out 0 7S
pick 1 9T
out 1 9T
pick 2 3S
out 2 7T
pick 3 W
out 3 W
pick 0 4S
out 0 8S
pick 1 N
out 1 N
pick 2 S
out 2 S
pick 3 N
out 3 N
pick 0 9T
out 0 4S
pick 1 6S
hu 1

win 1 tsumo
fans 1
自摸:1
score 1
