ver 1.0
Mahjong Contest Round 14 Game 2
main.exe
main.exe
main.exe
main.exe
2
3T S 5S Z 2M 9M 1T 1M 3S 8T 3M W 7S
9M 5M 6M 4S 1S 8T 8M N 2M 4T 3S E 1T
3T 5S 9S 7M Z 4M 6M 8M 6S 3T 9M 4M 2S
8S 3T 9S 7S 3M 2M N 7T 6T 1S 4S 6S 8S

pick 2 W
out 2 W
pick 3 N
out 3 8S
pick 0 N
out 0 N
peng 3 0 N
out 3 1S
pick 0 2T
out 0 W
pick 1 Z
out 1 Z
pick 2 4S
out 2 Z
pick 3 9S
out 3 4S
chi 0 3 3S
out 0 Z
pick 1 5M
out 1 N
pick 2 F
out 2 F
pick 3 F
out 3 F
pick 0 8M
out 0 S
pick 1 2S
out 1 E
pick 2 B
out 2 B
pick 3 9T
out 3 3T
peng 2 3 3T
out 2 2S
pick 3 4T
out 3 2M
pick 0 7T
out 0 7S
pick 1 2S
out 1 2M
pick 2 2T
out 2 6M
pick 3 5T
out 3 3M
pick 0 2T
out 0 2T
pick 1 7M
out 1 6M
chi 2 1 6M
out 2 9S
peng 3 2 9S
out 3 6S
pick 0 5T
out 0 8T
pick 1 F
out 1 F
pick 2 2S
out 2 2S
peng 1 2 2S
out 1 5M
pick 2 7M
out 2 2T
pick 3 8S
out 3 7S
pick 0 9T
out 0 9T
pick 1 8M
out 1 5M
pick 2 4T
out 2 4T
chi 3 2 4T
out 3 8S
pick 0 3S
out 0 3S
pick 1 3S
out 1 8M
hu 2

win 2 ron 1
fans 1
单调将:1
score 1
