ver 1.0
Mahjong Contest Round 15 Game 1
main.exe
main.exe
main.exe
main.exe
1
7S W 9M Z 4M B N 7T N 6S 7M 7T 1S
5T 1M Z W 9M 4T 8T 8S W 5T 6T 1S E
6M 6S 4T 9S 2S 8T W 5M B 2M S S 7S
9S 1M B 4S 6S 7S 3M 4T 3T 7M 1S E Z

pick 1 2S
out 1 E
pick 2 8T
out 2 W
peng 1 2 W
out 1 Z
pick 2 8M
out 2 B
pick 3 8S
out 3 E
pick 0 F
out 0 F
pick 1 3M
out 1 5T
pick 2 2M
out 2 5M
pick 3 6T
out 3 Z
pick 0 7T
out 0 W
pick 1 2M
out 1 9M
pick 2 9T
out 2 2S
pick 3 3T
out 3 B
pick 0 9S
out 0 Z
pick 1 5S
out 1 8T
peng 2 1 8T
out 2 6S
chi 3 2 6S
out 3 7M
pick 0 7M
out 0 B
pick 1 F
out 1 F
pick 2 6T
out 2 7S
pick 3 E
out 3 E
pick 0 3S
out 0 4M
chi 1 0 2M
out 1 1M
pick 2 7T
out 2 9S
pick 3 9T
out 3 9T
pick 0 3T
out 0 3T
peng 3 0 3T
out 3 1M
pick 0 N
out 0 9M
pick 1 8M
out 1 1S
pick 2 5M
out 2 5M
pick 3 9S
out 3 1S
pick 0 1T
out 0 1T
pick 1 2T
out 1 2T
pick 2 8S
out 2 4T
pick 3 2S
out 3 6S
pick 0 S
out 0 S
peng 2 0 S
out 2 2M
pick 3 2S
out 3 4S
pick 0 3M
out 0 3M
pick 1 1T
out 1 1T
pick 2 6M
out 2 2M
pick 3 1T
out 3 3M
pick 0 5M
out 0 5M
pick 1 5S
out 1 8M
pick 2 9M
out 2 8S
pick 3 S
out 3 S
pick 0 B
out 0 B
pick 1 3M
out 1 2S
peng 3 1 2S
out 3 9S
pick 0 N
agang 0 N
pick 0 9T
out 0 9T
pick 1 2T
out 1 2T
pick 2 5S
out 2 6T
pick 3 2M
out 3 9S
pick 0 9M
out 0 9M
pick 1 1T
out 1 1T
pick 2 9T
out 2 7T
gang 0 2 7T
pick 0 3T
out 0 1S
pick 1 4M
out 1 8S
pick 2 3S
out 2 5S
peng 1 2 5S
out 1 3M
pick 2 4S
out 2 3S
pick 3 F
out 3 F
pick 0 6S
out 0 3S
pick 1 Z
out 1 Z
pick 2 8S
out 2 4S
pick 3 4S
out 3 2M
pick 0 6M
out 0 6M
peng 2 0 6M
out 2 8M
pick 3 5T
out 3 1T
pick 0 F
out 0 F
pick 1 5T
out 1 5T
pick 2 4S
out 2 9M
pick 3 4M
out 3 4S
pick 0 6M
out 0 6M
pick 1 7S
out 1 4M
hu 3

win 3 ron 1
fans 2
断幺:2
单调将:1
score 3
