ver 1.0
Mahjong Contest Round 20 Game 4
main.exe
main.exe
main.exe
main.exe
0
5M 4M 1S 9M 3T 3T 1S 2T Z 7S 8S 8T F
8T 5T 4S 3M B 2S 8M 7M 3S 9S 5M S 1M
3S 5S E 9T 2T 2S 5T 6M 5M 8T 5S 6M 9M
2S 9T 7T F 6S 3S 7M 8S 4S 4T 1T N 2T

pick 0 B
out 0 B
pick 1 5S
out 1 B
pick 2 1M
out 2 E
pick 3 8S
out 3 N
pick 0 F
out 0 Z
pick 1 4T
out 1 S
pick 2 2M
out 2 1M
pick 3 9S
out 3 F
peng 0 3 F
out 0 9M
chi 1 0 7M
out 1 2S
pick 2 N
out 2 N
pick 3 E
out 3 E
pick 0 1T
out 0 3T
chi 1 0 3T
out 1 9S
pick 2 8T
out 2 2M
pick 3 9S
out 3 6S
chi 0 3 6S
out 0 8T
peng 2 0 8T
out 2 5M
pick 3 1S
out 3 4S
pick 0 3T
out 0 3T
pick 1 7S
out 1 7S
pick 2 4M
out 2 6M
hu 0

win 0 ron 2
fans 1
箭刻:2
score 2
