ver 1.0
Mahjong Contest Round 4 Game 1
main.exe
main.exe
main.exe
main.exe
1
1M F 3M S 7T E 8M W 2T 9T 9S 9T 6M
1T 7S S 1M 7T F 9S B N 8S 3T 5T 1S
1S 9M 5T 1S 3M 5S 3S 5T 2M 6S 7M 9T 8S
3M 7S 8S 7S 7T 3T N 5M 6S 7M S Z 5M

pick 1 2T
out 1 S
pick 2 9M
out 2 7M
pick 3 S
out 3 N
pick 0 B
out 0 B
pick 1 4S
out 1 N
pick 2 6T
out 2 5T
pick 3 5S
out 3 Z
pick 0 8T
out 0 S
peng 3 0 S
out 3 3M
pick 0 1T
out 0 E
pick 1 E
out 1 E
pick 2 1M
out 2 9T
peng 0 2 9T
out 0 W
pick 1 5T
out 1 B
pick 2 5S
out 2 3S
pick 3 1T
out 3 7M
chi 0 3 6M
out 0 F
pick 1 4M
out 1 F
pick 2 7M
out 2 7M
pick 3 6M
out 3 6M
pick 0 W
out 0 W
pick 1 F
out 1 F
pick 2 1T
out 2 1T
pick 3 2M
out 3 2M
pick 0 4T
out 0 1M
pick 1 4T
out 1 1S
peng 2 1 1S
out 2 1M
pick 3 6M
out 3 6M
pick 0 9T
out 0 1T
chi 1 0 1T
out 1 4S
pick 2 1S
jgang 2 1S
pick 2 8S
out 2 6S
chi 3 2 6S
out 3 5M
pick 0 5M
out 0 9S
chi 1 0 7S
out 1 1T
pick 2 8M
out 2 8M
pick 3 2M
out 3 5M
pick 0 E
out 0 E
pick 1 Z
out 1 Z
pick 2 4M
out 2 5T
peng 1 2 5T
out 1 1M
pick 2 Z
out 2 Z
pick 3 8T
out 3 2M
pick 0 6S
out 0 6S
pick 1 6T
out 1 4M
pick 2 8M
out 2 8M
pick 3 W
out 3 W
pick 0 2S
out 0 3M
pick 1 2T
out 1 9S
pick 2 8M
out 2 8M
pick 3 9M
out 3 1T
pick 0 2S
out 0 5M
pick 1 B
out 1 B
pick 2 4S
out 2 4S
pick 3 W
out 3 W
pick 0 F
out 0 F
pick 1 6M
out 1 2T
pick 2 4M
out 2 4M
pick 3 2S
out 3 2S
peng 0 3 2S
out 0 2T
pick 1 9S
out 1 6M
pick 2 4T
out 2 6T
chi 3 2 6T
out 3 9M
peng 2 3 9M
out 2 2M
pick 3 8T
out 3 3T
pick 0 8T
out 0 4T
pick 1 4S
out 1 9S
pick 2 4S
out 2 4S
pick 3 2M
out 3 8T
hu 0

win 0 ron 3
fans 1
单调将:1
score 1
