ver 1.0
Mahjong Contest Round 13 Game 3
main.exe
main.exe
main.exe
main.exe
0
5M N 4M 1T 9T 6S 6S S 4T 4T 1M 7T Z
1M 8M E 2S S 9S B 3S 5S 1T 2T 4T 9S
W 4S 5M 2M 8S N 6T 8M 6M 8M 6T 6T 6S
3M 8T 6S F 1M 1T 6M 1S Z 9M 7M S 2M

pick 0 5S
out 0 S
pick 1 5M
out 1 S
pick 2 Z
out 2 Z
pick 3 7T
out 3 S
pick 0 2T
out 0 Z
pick 1 5M
out 1 E
pick 2 4S
out 2 W
pick 3 4T
out 3 Z
pick 0 3T
out 0 N
pick 1 4M
out 1 B
pick 2 7M
out 2 N
pick 3 9T
out 3 F
pick 0 5T
out 0 9T
pick 1 8T
out 1 2S
pick 2 9T
out 2 9T
chi 3 2 7T
out 3 6M
chi 0 3 4M
out 0 5S
pick 1 8M
out 1 4M
chi 2 1 4M
out 2 2M
chi 3 2 1M
out 3 2M
pick 0 2S
out 0 2S
pick 1 3T
out 1 8T
pick 2 E
out 2 E
pick 3 2M
out 3 2M
pick 0 2S
out 0 2S
pick 1 3M
out 1 1T
pick 2 3T
out 2 3T
pick 3 9S
out 3 1S
pick 0 8T
out 0 8T
pick 1 W
out 1 W
pick 2 B
out 2 B
pick 3 1S
out 3 6S
peng 0 3 6S
out 0 1M
pick 1 1S
out 1 1S
pick 2 E
out 2 E
pick 3 W
out 3 W
pick 0 B
out 0 B
pick 1 2T
out 1 2T
pick 2 7T
out 2 7T
pick 3 8T
out 3 1S
pick 0 Z
out 0 Z
pick 1 5T
out 1 2T
pick 2 E
out 2 E
pick 3 N
out 3 N
pick 0 9M
out 0 9M
pick 1 2S
out 1 2S
pick 2 2M
out 2 7M
pick 3 5T
out 3 9S
peng 1 3 9S
out 1 1M
pick 2 F
out 2 F
pick 3 W
out 3 W
pick 0 F
out 0 F
pick 1 B
out 1 B
pick 2 F
out 2 F
pick 3 2T
out 3 1T
pick 0 9T
out 0 9T
pick 1 4S
out 1 3M
pick 2 5T
out 2 5T
pick 3 8S
out 3 2T
chi 0 3 2T
out 0 1T
pick 1 4M
out 1 4M
pick 2 1S
out 2 1S
pick 3 7S
out 3 8S
pick 0 8S
out 0 2T
chi 1 0 2T
out 1 5M
pick 2 3T
out 2 3T
chi 3 2 3T
out 3 7M
pick 0 4S
out 0 4T
pick 1 4M
out 1 5M
pick 2 5S
out 2 8S
pick 3 5S
out 3 9M
pick 0 1T
out 0 1T
pick 1 3S
out 1 3S
chi 2 1 3S
out 2 2M
pick 3 6T
out 3 5S
hu 2

win 2 ron 3
fans 3
单调将:1
断幺:2
喜相逢:1
score 4
