ver 1.0
Mahjong Contest Round 13 Game 4
main.exe
main.exe
main.exe
main.exe
3
1M 2M 2M N 5M W 1S 5S 5M 7S 7M 6T 3T
7M 9S 7T 4M 1S 6T 8M 1S 3M 8T 4M 2T 5T
9M 4S Z 4T S 7S 1T 6S 3M 6M 8T N 7M
Z 9M N 7T E 2T 9S 2S 6M 6M 9M 3M F

pick 3 2S
out 3 E
pick 0 5S
out 0 W
pick 1 W
out 1 W
pick 2 B
out 2 B
pick 3 3M
out 3 N
pick 0 S
out 0 S
pick 1 9T
out 1 3M
peng 3 1 3M
out 3 Z
pick 0 7S
out 0 N
pick 1 Z
out 1 Z
pick 2 4T
out 2 N
pick 3 7S
out 3 F
pick 0 S
out 0 S
pick 1 3S
out 1 2T
pick 2 4S
out 2 S
pick 3 W
out 3 W
pick 0 3T
out 0 1S
peng 1 0 1S
out 1 4M
pick 2 B
out 2 B
pick 3 9T
out 3 2T
pick 0 9M
out 0 1M
pick 1 1M
out 1 4M
pick 2 8S
out 2 Z
pick 3 5S
out 3 9S
pick 0 Z
out 0 Z
pick 1 5M
out 1 1M
pick 2 6S
out 2 6S
chi 3 2 5S
out 3 6M
chi 0 3 5M
out 0 6T
pick 1 8S
out 1 5M
chi 2 1 5M
out 2 3M
pick 3 E
out 3 E
pick 0 3S
out 0 3S
pick 1 5T
out 1 6T
pick 2 8S
out 2 8S
pick 3 5M
out 3 6M
pick 0 8S
out 0 8S
pick 1 2M
out 1 7M
pick 2 5T
out 2 9M
peng 3 2 9M
out 3 5M
pick 0 4T
out 0 4T
peng 2 0 4T
out 2 4S
pick 3 8T
hu 3

win 3 tsumo
fans 2
单调将:1
自摸:1
score 2
