ver 1.0
Mahjong Contest Round 24 Game 2
main.exe
main.exe
main.exe
main.exe
1
B 5M 8M 7M W 4S 1T 2T 2S S 7T 7S 6M
E 8T 1S 3S 6T 9T 1M 3S 7M F 6S 5M E
6S 5S 5M 6S 2M 2T 8T 8S 6M 1S 3S 4T 2S
7T 1T 6M E 1S 9S Z 4M 3S 8M 4S 3M 5T

pick 1 4M
out 1 F
pick 2 6T
out 2 2M
chi 3 2 2M
out 3 E
peng 1 3 E
out 1 9T
pick 2 7T
out 2 5M
pick 3 W
out 3 W
pick 0 Z
out 0 Z
pick 1 9M
out 1 1M
pick 2 1T
out 2 4T
pick 3 2T
out 3 Z
pick 0 1M
out 0 W
pick 1 1M
out 1 1M
pick 2 7S
out 2 6M
pick 3 4S
out 3 9S
pick 0 Z
out 0 Z
pick 1 B
out 1 B
pick 2 9S
out 2 5S
chi 3 2 3S
out 3 6M
chi 0 3 6M
out 0 B
pick 1 2T
out 1 2T
pick 2 N
out 2 N
pick 3 2S
out 3 8M
pick 0 7S
out 0 S
pick 1 4M
out 1 5M
pick 2 W
out 2 W
pick 3 8S
out 3 1S
pick 0 2M
out 0 7T
chi 1 0 6T
out 1 4M
pick 2 4T
out 2 1T
pick 3 5T
out 3 7T
pick 0 2M
out 0 1M
pick 1 5T
out 1 4M
pick 2 8S
out 2 8S
pick 3 8M
out 3 2S
pick 0 7M
out 0 1T
pick 1 N
out 1 N
pick 2 9M
out 2 9M
pick 3 F
out 3 F
pick 0 S
out 0 S
pick 1 3M
out 1 7M
pick 2 1M
out 2 1M
pick 3 9T
out 3 9T
pick 0 2M
out 0 2T
pick 1 9M
out 1 3M
pick 2 5T
out 2 8T
pick 3 F
out 3 F
pick 0 Z
out 0 Z
pick 1 3M
out 1 3M
pick 2 N
out 2 N
pick 3 7T
out 3 7T
pick 0 9S
out 0 9S
pick 1 3T
out 1 1S
pick 2 1T
out 2 4T
pick 3 5S
out 3 8M
pick 0 3T
out 0 3T
hu 2

win 2 ron 0
fans 4
单调将:1
平和:2
门前清:2
喜相逢:1
score 6
