ver 1.0
Mahjong Contest Round 23 Game 4
main.exe
main.exe
main.exe
main.exe
3
5S 5T 5M 3M W 8M 3T 8T 7T 9S E 1T 1T
3T 4S 4M 8T 1S 4T 8S 7T 6S 7M 1T 5T 2T
6S 7S W 4S 2T 3S 6M 2S 9T 4T 5S N S
Z F 6T 9S 8M B 7T 1M F 3M 8S 1S 2M

pick 3 1M
out 3 Z
pick 0 5S
out 0 E
pick 1 B
out 1 B
pick 2 2S
out 2 S
pick 3 9M
out 3 B
pick 0 7M
out 0 W
pick 1 5T
out 1 1T
peng 0 1 1T
out 0 9S
pick 1 4M
out 1 7M
pick 2 8M
out 2 W
pick 3 Z
out 3 Z
pick 0 8T
out 0 3T
pick 1 1S
out 1 4S
pick 2 3S
out 2 N
pick 3 5T
out 3 1M
pick 0 7S
out 0 7S
chi 1 0 6S
out 1 4M
pick 2 4T
out 2 6M
pick 3 Z
out 3 Z
pick 0 N
out 0 N
pick 1 7S
out 1 7S
pick 2 W
out 2 W
pick 3 6M
out 3 9M
chi 0 3 7M
out 0 3M
pick 1 6S
out 1 6S
pick 2 4M
out 2 8M
pick 3 4M
out 3 8M
pick 0 2S
out 0 2S
peng 2 0 2S
out 2 4S
pick 3 F
out 3 1M
pick 0 3M
out 0 5M
pick 1 2M
out 1 4M
pick 2 6M
out 2 4M
pick 3 8S
out 3 6M
pick 0 1S
out 0 1S
peng 1 0 1S
out 1 2M
pick 2 1M
out 2 6M
pick 3 F
agang 3 F
pick 3 3S
out 3 1S
pick 0 B
out 0 B
pick 1 7S
out 1 7S
pick 2 B
out 2 B
pick 3 3M
out 3 3M
pick 0 2M
out 0 3M
pick 1 E
out 1 E
pick 2 7M
out 2 1M
chi 3 2 1M
out 3 4M
pick 0 9T
out 0 8T
pick 1 5M
out 1 5M
pick 2 7T
out 2 2T
pick 3 1M
out 3 3S
peng 2 3 3S
out 2 7M
pick 3 W
out 3 W
pick 0 2T
out 0 2T
pick 1 9T
hu 1

win 1 tsumo
fans 1
自摸:1
score 1
