ver 1.0
Mahjong Contest Round 2 Game 3
main.exe
main.exe
main.exe
main.exe
0
3S 8S 7M 5T 2T 2T 9S 4T 9S 4M 1S 1T 9M
4M 2S 5T 8M 2S 7T 6T S 4S 8T 3M 8T 1M
9S 5S 6S 7T 7T N 6S 8S F 9T 8T N 2S
3M 7T 1T S 5M 9M 2T 3S 9M 9T 7S E 9T

pick 0 3T
out 0 1T
pick 1 7S
out 1 S
pick 2 8M
out 2 F
pick 3 8M
out 3 S
pick 0 Z
out 0 Z
pick 1 E
out 1 E
pick 2 9S
out 2 7T
pick 3 7S
out 3 E
pick 0 B
out 0 B
pick 1 N
out 1 N
peng 2 1 N
out 2 2S
peng 1 2 2S
out 1 1M
pick 2 F
out 2 F
pick 3 3S
out 3 8M
chi 0 3 7M
out 0 4M
pick 1 1S
out 1 8M
pick 2 1T
out 2 1T
pick 3 4T
out 3 1T
pick 0 6M
out 0 1S
pick 1 E
out 1 E
pick 2 B
out 2 B
pick 3 5S
out 3 7T
pick 0 6T
out 0 3T
pick 1 F
out 1 F
pick 2 3T
out 2 3T
chi 3 2 2T
out 3 5S
pick 0 4S
out 0 6M
pick 1 3M
out 1 4M
pick 2 8M
out 2 8M
pick 3 F
out 3 F
pick 0 1M
out 0 3S
peng 3 0 3S
out 3 3M
peng 1 3 3M
out 1 1S
pick 2 5S
out 2 8S
pick 3 6M
out 3 5M
pick 0 1S
out 0 1M
pick 1 S
out 1 S
pick 2 3T
out 2 3T
pick 3 3S
jgang 3 3S
pick 3 7M
out 3 6M
pick 0 3M
out 0 1S
pick 1 5T
out 1 5T
pick 2 2T
out 2 2T
peng 0 2 2T
out 0 3M
pick 1 6S
out 1 4S
chi 2 1 4S
out 2 8M
chi 3 2 7M
out 3 9M
pick 0 6S
out 0 4S
hu 2

win 2 ron 0
fans 1
一般高:1
score 1
