ver 1.0
Mahjong Contest Round 3 Game 4
main.exe
main.exe
main.exe
main.exe
1
9T 7M 4S B 9S 1S N S 3M 5M 8M 2S 5S
2S 6M 7T 4M 1M 4S 7S 6S 1S 9M 3S F N
1T 4T S 8T F 5T 1S 6T 3T 5M B 7S N
B 3M 5S 3S 2S 6S 1M 9S E 2T 7T 1S E

pick 1 3S
out 1 N
pick 2 2S
out 2 N
pick 3 5M
out 3 B
pick 0 1T
out 0 N
pick 1 W
out 1 W
pick 2 8T
out 2 B
pick 3 5M
out 3 9S
pick 0 8S
out 0 B
pick 1 8M
out 1 F
pick 2 S
out 2 F
pick 3 6T
out 3 2T
pick 0 8S
out 0 S
peng 2 0 S
out 2 7S
chi 3 2 5S
out 3 1M
pick 0 2M
out 0 9S
pick 1 Z
out 1 Z
pick 2 7T
out 2 1T
pick 3 4M
out 3 5M
pick 0 W
out 0 W
pick 1 W
out 1 W
pick 2 8M
out 2 8T
hu 3

win 3 ron 2
fans 1
平和:2
score 2
