ver 1.0
Mahjong Contest Round 2 Game 2
main.exe
main.exe
main.exe
main.exe
3
6T 8T 6T B 6M 7T 9T 5M 3S 9S 3M 1M E
5T 7M 3S 2S 1S 9S 6S 4T 7S 2M 5M W N
4S 9S 4M S 6T F 9M 3M 6S N 9M 8T 9S
S 3M 2T 1S 6T 7M F 5T 4T 8S 3T 2M 9T

pick 3 E
out 3 E
pick 0 5S
out 0 E
pick 1 S
out 1 S
pick 2 1T
out 2 S
pick 3 W
out 3 W
pick 0 8T
out 0 B
pick 1 7T
out 1 W
pick 2 2T
out 2 N
pick 3 2T
out 3 S
pick 0 4S
out 0 8T
pick 1 5M
out 1 N
pick 2 3T
out 2 F
pick 3 2S
out 3 F
pick 0 F
out 0 F
pick 1 8S
out 1 6S
pick 2 1T
out 2 1T
chi 3 2 1T
out 3 9T
chi 0 3 7T
out 0 9S
peng 2 0 9S
out 2 3M
pick 3 1M
out 3 2T
pick 0 1T
out 0 6T
chi 1 0 5T
out 1 2M
pick 2 3T
out 2 3T
chi 3 2 3T
out 3 7M
chi 0 3 5M
out 0 1M
pick 1 8M
out 1 4T
chi 2 1 2T
out 2 4M
chi 3 2 2M
out 3 8S
pick 0 7T
out 0 3M
pick 1 W
out 1 W
pick 2 4S
out 2 6S
pick 3 4S
out 3 1S
pick 0 6M
out 0 1T
pick 1 8M
out 1 7M
pick 2 8S
out 2 8S
pick 3 N
out 3 N
pick 0 1S
out 0 1S
pick 1 1M
out 1 1M
pick 2 2S
out 2 2S
pick 3 6M
out 3 1M
pick 0 N
out 0 N
pick 1 3S
out 1 3S
pick 2 7M
out 2 7M
pick 3 8T
out 3 6M
pick 0 F
out 0 F
pick 1 7S
out 1 7S
pick 2 2M
out 2 2M
pick 3 Z
out 3 Z
pick 0 4M
out 0 6M
pick 1 9T
out 1 9T
pick 2 4M
out 2 4M
pick 3 2S
out 3 4S
peng 2 3 4S
out 2 9M
pick 3 6M
out 3 6T
pick 0 4T
out 0 4M
pick 1 Z
out 1 Z
pick 2 7S
out 2 9M
pick 3 5S
out 3 5S
pick 0 9T
out 0 4T
pick 1 6S
out 1 9S
pick 2 2T
out 2 7S
pick 3 8S
out 3 8S
pick 0 1M
out 0 6T
pick 1 1T
out 1 1T
pick 2 5S
out 2 1T
pick 3 8M
out 3 6M
pick 0 2M
out 0 7T
pick 1 W
out 1 W
pick 2 B
out 2 B
pick 3 9M
out 3 8M
hu 1

win 1 ron 3
fans 0
score 0
