ver 1.0
Mahjong Contest Round 20 Game 3
main.exe
main.exe
main.exe
main.exe
1
6S 1S W 1T 5S 4S 6S 9M 8S S 3M 4T 8M
3T F 5S 3T 6S 7S 1S 3T 2T 5T 2S 7T Z
1M 2T 9S S N 9M 9T 5S E B 5M 3S 3M
9T Z 5M 8T 1M F 1S 3M 4M 5T 2M 1T 7T

pick 1 B
out 1 B
pick 2 4M
out 2 B
pick 3 8M
out 3 Z
pick 0 2M
out 0 S
pick 1 7T
out 1 Z
pick 2 E
out 2 S
pick 3 4S
out 3 F
pick 0 9M
out 0 W
pick 1 3T
out 1 F
pick 2 7S
out 2 N
pick 3 N
out 3 N
pick 0 F
out 0 F
pick 1 4M
out 1 2T
pick 2 6M
out 2 9M
peng 0 2 9M
out 0 1S
pick 1 8M
out 1 4M
chi 2 1 4M
out 2 4M
pick 3 8S
out 3 8M
pick 0 9S
out 0 6S
pick 1 S
out 1 S
pick 2 7T
out 2 2T
pick 3 6T
out 3 1T
pick 0 8S
out 0 9S
pick 1 2S
out 1 1S
pick 2 8T
out 2 1M
chi 3 2 1M
out 3 1M
chi 0 3 1M
out 0 8M
pick 1 5S
out 1 5S
pick 2 9M
out 2 3M
chi 3 2 3M
out 3 1S
pick 0 Z
out 0 Z
pick 1 3S
out 1 3S
pick 2 9T
out 2 9T
pick 3 9S
out 3 4S
pick 0 F
out 0 F
pick 1 4T
out 1 8M
pick 2 6T
out 2 9T
chi 3 2 7T
out 3 8S
peng 0 3 8S
out 0 4S
pick 1 B
out 1 B
pick 2 7M
out 2 9M
pick 3 1T
out 3 9S
pick 0 B
out 0 B
pick 1 4S
out 1 7S
pick 2 5M
out 2 7M
pick 3 8S
out 3 1T
pick 0 3M
out 0 5S
chi 1 0 4S
out 1 5S
pick 2 4T
out 2 4T
chi 3 2 4T
out 3 8S
pick 0 4S
out 0 3M
pick 1 2M
out 1 2M
pick 2 6M
out 2 5M
pick 3 7M
out 3 9T
pick 0 W
out 0 W
pick 1 3S
out 1 3S
pick 2 Z
out 2 Z
pick 3 S
out 3 S
pick 0 2M
out 0 4S
pick 1 8T
out 1 8T
pick 2 4M
out 2 6M
pick 3 E
out 3 E
peng 2 3 E
out 2 4M
pick 3 N
out 3 N
pick 0 9S
out 0 2M
pick 1 5M
out 1 5M
pick 2 8T
out 2 8T
pick 3 3S
out 3 7M
pick 0 7M
out 0 6S
pick 1 5T
out 1 5T
chi 2 1 5T
out 2 3S
hu 3

win 3 ron 2
fans 2
单调将:1
平和:2
score 3
