ver 1.0
Mahjong Contest Round 7 Game 2
main.exe
main.exe
main.exe
main.exe
0
8T 5M 7T 3S 8T 6S 6S 8M 3T 2M 3T 6S 9S
1S 1M F 1M F 2S 5T 1S 8S 4M 4S 6M 2S
B 2T 5M 6M 3T 6T E 3M 7S 8S 5S 9S Z
7T W 5T S 5M 5S 2T 9M 4T 1S B 3S W

pick 0 6M
out 0 7T
pick 1 5T
out 1 4S
pick 2 8M
out 2 E
pick 3 Z
out 3 Z
pick 0 E
out 0 E
pick 1 4T
out 1 8S
chi 2 1 7S
out 2 Z
pick 3 7M
out 3 S
pick 0 9T
out 0 9T
pick 1 W
out 1 W
peng 3 1 W
out 3 B
pick 0 3S
out 0 9S
pick 1 9T
out 1 4T
chi 2 1 2T
out 2 B
pick 3 5T
out 3 7T
pick 0 6T
out 0 6T
pick 1 8S
out 1 8S
pick 2 3M
out 2 5M
pick 3 S
out 3 S
pick 0 F
out 0 F
peng 1 0 F
out 1 9T
pick 2 1M
out 2 1M
peng 1 2 1M
out 1 4M
pick 2 Z
out 2 Z
pick 3 6S
out 3 5M
pick 0 2M
out 0 5M
pick 1 3M
out 1 6M
pick 2 9M
out 2 6M
pick 3 3M
out 3 3M
peng 2 3 3M
out 2 8M
chi 3 2 7M
out 3 1S
peng 1 3 1S
out 1 3M
pick 2 1T
out 2 9M
pick 3 7S
out 3 3S
peng 0 3 3S
out 0 2M
pick 1 Z
out 1 Z
pick 2 8M
out 2 5S
chi 3 2 5S
out 3 5S
pick 0 1T
out 0 1T
pick 1 4M
out 1 4M
pick 2 5S
out 2 8M
pick 3 7T
out 3 7T
pick 0 1S
out 0 1S
pick 1 4S
out 1 4S
pick 2 F
out 2 F
pick 3 2S
out 3 2S
hu 1

win 1 ron 3
fans 2
碰碰和:6
箭刻:2
score 8
