生成启动时间为 2015/8/8 18:50:12。
     1>项目“H:\vb2010\MahjongServer\sample\Sample\Sample.vcxproj”在节点 2 上(build 个目标)。
     1>InitializeBuildStatus:
         正在创建“Debug\Sample.unsuccessfulbuild”，因为已指定“AlwaysCreate”。
       GenerateTargetFrameworkMonikerAttribute:
       正在跳过目标“GenerateTargetFrameworkMonikerAttribute”，因为所有输出文件相对于输入文件而言都是最新的。
       ClCompile:
         C:\Program Files (x86)\Microsoft Visual Studio 10.0\VC\bin\CL.exe /c /AI"C:\Program Files (x86)\Reference Assemblies\Microsoft\Framework\.NETFramework\v4.0" /Zi /clr /nologo /W3 /WX- /Od /Oy- /D WIN32 /D _DEBUG /D _UNICODE /D UNICODE /EHa /MDd /GS /fp:precise /Zc:wchar_t /Zc:forScope /Fo"Debug\\" /Fd"Debug\vc100.pdb" /TP /FU"C:\Program Files (x86)\Reference Assemblies\Microsoft\Framework\.NETFramework\v4.0\System.Core.dll" /analyze- /errorReport:prompt ..\main.cpp /clr:nostdlib 
         main.cpp
     1>..\main.cpp(22): warning C4996: 'freopen': This function or variable may be unsafe. Consider using freopen_s instead. To disable deprecation, use _CRT_SECURE_NO_WARNINGS. See online help for details.
                 C:\Program Files (x86)\Microsoft Visual Studio 10.0\VC\include\stdio.h(249) : 参见“freopen”的声明
         所有输出均为最新。
       Link:
         C:\Program Files (x86)\Microsoft Visual Studio 10.0\VC\bin\link.exe /ERRORREPORT:PROMPT /OUT:"H:\vb2010\MahjongServer\sample\Sample\Debug\Sample.exe" /INCREMENTAL /NOLOGO /MANIFEST /ManifestFile:"Debug\Sample.exe.intermediate.manifest" /MANIFESTUAC:"level='asInvoker' uiAccess='false'" /DEBUG /PDB:"H:\vb2010\MahjongServer\sample\Sample\Debug\Sample.pdb" /ASSEMBLYDEBUG /TLBID:1 /DYNAMICBASE /FIXED:NO /NXCOMPAT /MACHINE:X86 Debug\main.obj
         "Debug\.NETFramework,Version=v4.0.AssemblyAttributes.obj"
         Sample.vcxproj -> H:\vb2010\MahjongServer\sample\Sample\Debug\Sample.exe
       Manifest:
         C:\Program Files (x86)\Microsoft SDKs\Windows\v7.0A\bin\mt.exe /nologo /verbose /outputresource:"H:\vb2010\MahjongServer\sample\Sample\Debug\Sample.exe;#1" /manifest Debug\Sample.exe.intermediate.manifest
       FinalizeBuildStatus:
         正在删除文件“Debug\Sample.unsuccessfulbuild”。
         正在对“Debug\Sample.lastbuildstate”执行 Touch 任务。
     1>已完成生成项目“H:\vb2010\MahjongServer\sample\Sample\Sample.vcxproj”(build 个目标)的操作。

生成成功。

已用时间 00:00:07.19
