Player:  Shaoyuan CHEN
Version: V 1.0.2
Author:  wx-csy

id=3; first=3
Z F 6T 9S 8M B 7T 1M F 3M 8S 1S 2M 
Start OK!
16M 2S 3S 4S 5S 6S 7S 1T 2T 3T 4T 5T 71M 1M 2M 3M 8M 1S 8S 9S 6T 7T F F B 
1M 1M 2M 3M 8M 1S 8S 9S 6T 7T F F B 
1M 1M 2M 3M 8M 1S 8S 9S 6T 7T F F B 
1M 1M 2M 3M 8M 1S 8S 9S 6T 7T F F B 
1M 1M 2M 3M 8M 1S 8S 9S 6T 7T F F B 
1M 1M 2M 3M 8M 1S 8S 9S 6T 7T F F B 
1M6M 2S 2S 3S 4S 5S 6S 7S 2T 4T 9T W N 1M 1M 2M 3M 8M 9M 1S 8S 9S 6T 7T F F 
1M 1M 2M 3M 8M 9M 1S 8S 9S 6T 7T F F 
1M 1M 2M 3M 8M 9M 1S 8S 9S 6T 7T F F 
1M 1M 2M 3M 8M 9M 1S 8S 9S 6T 7T F F 
1M 1M 2M 3M 8M 9M 1S 8S 9S 6T 7T F F 
1M 1M 2M 3M 8M 9M 3M 5M 7M 8M 5S 5S 3T 1M 1M 2M 3M3M 5M 7M 8M 5S 5S 3T 5T 7T 81M 13M 5M 7M 8M 5S 5S 3T 5T 7T 8T 
3M 5M 7M 8M 5S 5S 3T 5T 7T 8T 
3M 5M 7M 8M 5S 5S 3T 5T 7T 8T 
3M 5M 7M 8M 5S 5S 3T 5T 7T 8T 
3M 5M 7M 8M 5S 5S 5T 7T 1M 1M 2M3M 5M 7M 8M 5S 5S 5T 7T 8T 8T 
3M 5M 7M 8M 5S 5S 5T 7T 8T 8T 
3M 5M 7M 8M 5S 5S 5T 7T 8T 8T 
3M 5M 7M 8M 5S 5S 5T 7T 8T 8T 
3M 5M 7M 8M 5S 5S 5T 7T 8T 8T 
3M 5M 7M 8M 5S 5S 5T 7T 8T 8T 
3M 5M 7M 8M 5S 5S 5T 7T 8T 8T 
3M 5M 7M 8M 5S 5S 5T 7T 8T 8T 
3M 5M 7M 8M 5S 5S 5T 7T 8T 8T 
3M 5M 7M 8M 5S 5S 5T 7T 8T 8T 
3M 5M 7M 8M 5S 5S 5T 7T 8T 8T 
3M 5M 7M 8M 5S 5S 5T 7T 8T 8T 
3M 5M 7M 8M 5S 5S 5T 7T 8T 8T 
3M 5M 7M 8M 5S 5S 5T 7T 8T 8T 
3M 5M 7M 8M 5S 5S 5T 7T 8T 8T 
3M 5M 7M 8M 5S 5S 5T 7T 8T 8T 
3M 5M 7M 8M 5S 5S 5T 7T 8T 8T 
3M 5M 7M 8M 5S 5S 5T 7T 8T 8T 
3M 5M 7M 8M 5S 5S 5T 7T 8T 8T 
3M 5M 7M 8M 9M 5S 5S 5T 7T 8T 8T 
5M 5S 5S 5T 7T 8T 8T 
5M 5S 5S 5T 7T 8T 8T 
5M 5S 5S 5T 7T 8T 8T 
5M 5S 5S 5T 7T 8T 8T 
5M 5S 5S 5T 7T 8T 8T 
5M 5S 5S 5T 7T 8T 8T 
5M 5S 5S 5T 7T 8T 8T 
5M 5S 5S 5T 7T 8T 8T 
5M 5S 5S 5T 7T 8T 8T 
5M 5S 5S 5T 7T 8T 8T 
5M 5S 5S 5T 7T 8T 8T 
5M 5S 5S 5T 7T 8T 8T 
3M 5S 5S 5T 7T 8T 8T 
3M 5S 5S 5T 7T 8T 8T 
3M 5S 5S 5T 7T 8T 8T 
3M 5S 5S 5T 7T 8T 8T 
3M 5S 5S 5T 7T 8T 8T 
3M 5S 5S 5T 7T 8T 8T 
3M 5S 5S 5T 7T 8T 8T 
3M 5S 5S 5T 7T 8T 8T 
3M 5S 5S 5T 7T 8T 8T 
3M 5S 5S 5T 7T 8T 8T 
3M 5S 5S 5T 7T 8T 8T 
3M 5S 5S 5T 7T 8T 8T 
3M 5S 5S 5T 7T 8T 8T 
3M 5S 5S 5T 7T 8T 8T 
3M 5S 5S 5T 7T 8T 8T 
3M 5S 5S 5T 7T 8T 8T 
3M 5S 5S 5T 7T 8T 8T 
3M 5S 5S 5T 7T 8T 8T 
3M 5S 5S 5T 7T 8T 8T 
3M 5S 5S 5T 7T 8T 8T 
3M 5S 5S 5T 7T 8T 8T 
3M 5S 5S 5T 7T 8T 8T 
3M 5S 5S 5T 7T 8T 8T 
2M 5S 5S 5T 7T 8T 8T 
2M 5S 5S 5T 7T 8T 8T 
2M 5S 5S 5T 7T 8T 8T 
2M 5S 5S 5T 7T 8T 8T 
2M 5S 5S 5T 7T 8T 8T 
2M 5S 5S 5T 7T 8T 8T 
2M 5S 5S 5T 7T 8T 8T 
2M 5S 5S 5T 7T 8T 9T 
2M 5S 5S 5T 7T 8T 9T 
2M 5S 5S 5T 7T 8T 9T 
2M 5S 5S 5T 7T 8T 9T 
2M 5S 5S 5T 7T 8T 9T 
2M 5S 5S 5T 7T 8T 9T 
2M 5S 5S 5T 7T 8T 9T 
2M 5S 5S 5T 7T 8T 9T 
2M 5S 5S 5T 7T 8T 9T 
2M 5S 5S 5T 7T 8T 9T 
2M 5S 5S 5T 7T 8T 9T 
2M 5S 5S 5T 7T 8T 9T 
2M 5S 5S 5T 7T 8T 9T 
T 7T 8T 
2T 3T 4T 5T 5T 7T 8T 
2T 3T 4T 5T 5T 7T 8T 
2T 3T 4T 5T 5T 7T 8T 
2T 3T 4T 5T 5T 7T 8T 
2T 3T 4T 5T 5T 7T 8T 
2T 3T 4T 5T 5T 7T 8T 
2T 3T 4T 5T 5T 7T 8T 
2T 3T 4T 5T 5T 7T 8T 
2T 3T 4T 5T 5T 7T 8T 
2T 3T 4T 5T 5T 7T 8T 
2T 3T 4T 5T 5T 7T 8T 
2T 3T 4T 5T 5T 7T 8T 
2T 3T 4T 5T 5T 7T 8T 
2T 3T 4T 5T 5T 7T 8T 
2T 3T 4T 5T 5T 7T 8T 
2T 3T 4T 5T 5T 7T 8T 
2T 3T 4T 5T 5T 7T 8T 9T 
 4T 9T3S 8S 8S 9S 5T 6T 7T 
3S 8S 8S 9S 5T 6T 7T 
3S 8S 8S 9S 5T 6T 7T 
3S 8S 8S 9S 5T 6T 7T 
3S 8S 8S 9S 5T 6T 7T 
3S 8S 8S 9S 5T 6T 7T 
1M 8S 8S 9S 5T 6T 7T 
1M 8S 8S 9S 5T 6T 7T 
1M 8S 8S 9S 5T 6T 7T 
1M 8S 8S 9S 5T 6T 7T 
1M 8S 8S 9S 5T 6T 7T 
1M 8S 8S 9S 5T 6T 7T 
1M 8S 8S 9S 5T 6T 7T 
5S 6S 7S 4T 4T 7T 9T 
5S 6S 7S 4T 4T 7T 9T 
5S 6S 7S 4T 4T 7T 9T 
